============================= test session starts ==============================
collected 2 items

tests/test_math.py .F                                                    [100%]

=================================== FAILURES ===================================
_________________________________ test_addition ________________________________

    def test_addition():
>       assert add(1, 2) == 4
E       assert 3 == 4
E        +  where 3 = add(1, 2)

tests/test_math.py:7: AssertionError
=========================== short test summary info ============================
FAILED tests/test_math.py::test_addition - assert 3 == 4
========================= 1 failed, 1 passed in 0.03s ==========================
